mode: set
github.com/vdntruong/chl/magicsquare/magicsquare.go:7.60,11.2 3 1
github.com/vdntruong/chl/magicsquare/magicsquare.go:13.81,15.29 1 1
github.com/vdntruong/chl/magicsquare/magicsquare.go:18.2,20.34 3 1
github.com/vdntruong/chl/magicsquare/magicsquare.go:24.2,24.18 1 1
github.com/vdntruong/chl/magicsquare/magicsquare.go:15.29,17.3 1 1
github.com/vdntruong/chl/magicsquare/magicsquare.go:20.34,23.3 2 1
github.com/vdntruong/chl/magicsquare/magicsquare.go:27.36,29.22 2 1
github.com/vdntruong/chl/magicsquare/magicsquare.go:32.2,32.8 1 1
github.com/vdntruong/chl/magicsquare/magicsquare.go:29.22,31.3 1 1
github.com/vdntruong/chl/magicsquare/magicsquare.go:35.43,38.23 1 1
github.com/vdntruong/chl/magicsquare/magicsquare.go:41.2,46.30 4 1
github.com/vdntruong/chl/magicsquare/magicsquare.go:64.2,65.42 1 1
github.com/vdntruong/chl/magicsquare/magicsquare.go:68.2,68.25 1 1
github.com/vdntruong/chl/magicsquare/magicsquare.go:38.23,40.3 1 0
github.com/vdntruong/chl/magicsquare/magicsquare.go:46.30,47.35 1 1
github.com/vdntruong/chl/magicsquare/magicsquare.go:52.3,53.31 2 1
github.com/vdntruong/chl/magicsquare/magicsquare.go:56.3,56.39 1 1
github.com/vdntruong/chl/magicsquare/magicsquare.go:60.3,61.60 2 1
github.com/vdntruong/chl/magicsquare/magicsquare.go:47.35,49.4 1 1
github.com/vdntruong/chl/magicsquare/magicsquare.go:53.31,55.4 1 1
github.com/vdntruong/chl/magicsquare/magicsquare.go:56.39,58.4 1 1
github.com/vdntruong/chl/magicsquare/magicsquare.go:65.42,67.3 1 0
github.com/vdntruong/chl/magicsquare/magicsquare.go:71.30,74.36 3 1
github.com/vdntruong/chl/magicsquare/magicsquare.go:90.2,90.10 1 1
github.com/vdntruong/chl/magicsquare/magicsquare.go:74.36,76.31 1 1
github.com/vdntruong/chl/magicsquare/magicsquare.go:76.31,77.35 1 1
github.com/vdntruong/chl/magicsquare/magicsquare.go:77.35,79.17 2 1
github.com/vdntruong/chl/magicsquare/magicsquare.go:82.5,82.67 1 1
github.com/vdntruong/chl/magicsquare/magicsquare.go:79.17,80.11 1 1
github.com/vdntruong/chl/magicsquare/magicsquare.go:82.67,84.6 1 1
