mode: set
github.com/vdntruong/chl/lovelynumber/lovelynumber.go:10.29,11.11 1 1
github.com/vdntruong/chl/lovelynumber/lovelynumber.go:15.2,16.26 2 1
github.com/vdntruong/chl/lovelynumber/lovelynumber.go:22.2,22.11 1 1
github.com/vdntruong/chl/lovelynumber/lovelynumber.go:11.11,13.3 1 1
github.com/vdntruong/chl/lovelynumber/lovelynumber.go:16.26,17.20 1 1
github.com/vdntruong/chl/lovelynumber/lovelynumber.go:17.20,19.4 1 1
github.com/vdntruong/chl/lovelynumber/lovelynumber.go:25.28,26.13 1 1
github.com/vdntruong/chl/lovelynumber/lovelynumber.go:30.2,31.25 2 1
github.com/vdntruong/chl/lovelynumber/lovelynumber.go:37.2,37.14 1 1
github.com/vdntruong/chl/lovelynumber/lovelynumber.go:26.13,28.3 1 1
github.com/vdntruong/chl/lovelynumber/lovelynumber.go:31.25,32.48 1 1
github.com/vdntruong/chl/lovelynumber/lovelynumber.go:32.48,34.4 1 1
