mode: set
github.com/vdntruong/chl/clock/clock.go:25.40,27.2 1 1
github.com/vdntruong/chl/clock/clock.go:29.43,30.23 1 1
github.com/vdntruong/chl/clock/clock.go:35.2,35.13 1 1
github.com/vdntruong/chl/clock/clock.go:30.23,31.14 1 1
github.com/vdntruong/chl/clock/clock.go:31.14,33.4 1 1
github.com/vdntruong/chl/clock/clock.go:38.48,39.27 1 1
github.com/vdntruong/chl/clock/clock.go:44.2,44.13 1 1
github.com/vdntruong/chl/clock/clock.go:39.27,40.49 1 1
github.com/vdntruong/chl/clock/clock.go:40.49,42.4 1 1
github.com/vdntruong/chl/clock/clock.go:47.35,58.12 7 1
github.com/vdntruong/chl/clock/clock.go:82.2,83.12 2 1
github.com/vdntruong/chl/clock/clock.go:100.2,101.12 2 1
github.com/vdntruong/chl/clock/clock.go:122.2,123.11 2 1
github.com/vdntruong/chl/clock/clock.go:58.12,59.7 1 1
github.com/vdntruong/chl/clock/clock.go:77.3,78.12 2 1
github.com/vdntruong/chl/clock/clock.go:59.7,60.30 1 1
github.com/vdntruong/chl/clock/clock.go:63.4,65.8 3 1
github.com/vdntruong/chl/clock/clock.go:75.4,75.26 1 1
github.com/vdntruong/chl/clock/clock.go:60.30,61.10 1 1
github.com/vdntruong/chl/clock/clock.go:65.8,67.24 2 1
github.com/vdntruong/chl/clock/clock.go:67.24,69.25 2 1
github.com/vdntruong/chl/clock/clock.go:72.6,72.20 1 1
github.com/vdntruong/chl/clock/clock.go:69.25,70.12 1 1
github.com/vdntruong/chl/clock/clock.go:83.12,84.7 1 1
github.com/vdntruong/chl/clock/clock.go:84.7,85.11 1 1
github.com/vdntruong/chl/clock/clock.go:86.40,87.12 1 1
github.com/vdntruong/chl/clock/clock.go:91.5,92.39 2 1
github.com/vdntruong/chl/clock/clock.go:87.12,90.6 2 1
github.com/vdntruong/chl/clock/clock.go:92.39,94.6 1 1
github.com/vdntruong/chl/clock/clock.go:101.12,102.7 1 1
github.com/vdntruong/chl/clock/clock.go:119.3,119.12 1 1
github.com/vdntruong/chl/clock/clock.go:102.7,103.30 1 1
github.com/vdntruong/chl/clock/clock.go:103.30,105.36 2 1
github.com/vdntruong/chl/clock/clock.go:116.5,116.10 1 1
github.com/vdntruong/chl/clock/clock.go:105.36,108.34 3 1
github.com/vdntruong/chl/clock/clock.go:108.34,110.45 2 1
github.com/vdntruong/chl/clock/clock.go:110.45,113.8 2 1
